{"/home/felix/Documents/university/ss26/CONINT/conint-excercise-7/app/index.ts": {"path":"/home/felix/Documents/university/ss26/CONINT/conint-excercise-7/app/index.ts","statementMap":{"0":{"start":{"line":1,"column":0},"end":{"line":1,"column":50}},"1":{"start":{"line":2,"column":0},"end":{"line":2,"column":46}},"2":{"start":{"line":3,"column":0},"end":{"line":3,"column":55}},"3":{"start":{"line":5,"column":13},"end":{"line":5,"column":41}},"4":{"start":{"line":6,"column":13},"end":{"line":6,"column":32}},"5":{"start":{"line":8,"column":13},"end":{"line":8,"column":37}},"6":{"start":{"line":9,"column":13},"end":{"line":9,"column":44}},"7":{"start":{"line":15,"column":0},"end":{"line":22,"column":3}},"8":{"start":{"line":15,"column":47},"end":{"line":22,"column":2}},"9":{"start":{"line":16,"column":2},"end":{"line":21,"column":3}},"10":{"start":{"line":17,"column":18},"end":{"line":17,"column":46}},"11":{"start":{"line":18,"column":4},"end":{"line":18,"column":45}},"12":{"start":{"line":20,"column":4},"end":{"line":20,"column":61}},"13":{"start":{"line":25,"column":0},"end":{"line":43,"column":3}},"14":{"start":{"line":28,"column":4},"end":{"line":43,"column":2}},"15":{"start":{"line":29,"column":2},"end":{"line":42,"column":3}},"16":{"start":{"line":30,"column":19},"end":{"line":30,"column":33}},"17":{"start":{"line":31,"column":17},"end":{"line":37,"column":6}},"18":{"start":{"line":39,"column":4},"end":{"line":39,"column":44}},"19":{"start":{"line":41,"column":4},"end":{"line":41,"column":61}},"20":{"start":{"line":46,"column":0},"end":{"line":76,"column":3}},"21":{"start":{"line":54,"column":4},"end":{"line":76,"column":2}},"22":{"start":{"line":55,"column":2},"end":{"line":75,"column":3}},"23":{"start":{"line":56,"column":28},"end":{"line":56,"column":40}},"24":{"start":{"line":58,"column":31},"end":{"line":58,"column":50}},"25":{"start":{"line":60,"column":4},"end":{"line":64,"column":5}},"26":{"start":{"line":61,"column":6},"end":{"line":63,"column":9}},"27":{"start":{"line":66,"column":17},"end":{"line":71,"column":6}},"28":{"start":{"line":72,"column":4},"end":{"line":72,"column":44}},"29":{"start":{"line":74,"column":4},"end":{"line":74,"column":61}},"30":{"start":{"line":79,"column":0},"end":{"line":105,"column":3}},"31":{"start":{"line":88,"column":4},"end":{"line":105,"column":2}},"32":{"start":{"line":89,"column":2},"end":{"line":104,"column":3}},"33":{"start":{"line":90,"column":19},"end":{"line":90,"column":33}},"34":{"start":{"line":91,"column":28},"end":{"line":91,"column":40}},"35":{"start":{"line":93,"column":24},"end":{"line":99,"column":6}},"36":{"start":{"line":101,"column":4},"end":{"line":101,"column":57}},"37":{"start":{"line":103,"column":4},"end":{"line":103,"column":61}},"38":{"start":{"line":108,"column":0},"end":{"line":123,"column":3}},"39":{"start":{"line":111,"column":4},"end":{"line":123,"column":2}},"40":{"start":{"line":112,"column":2},"end":{"line":122,"column":3}},"41":{"start":{"line":113,"column":19},"end":{"line":113,"column":33}},"42":{"start":{"line":115,"column":17},"end":{"line":117,"column":6}},"43":{"start":{"line":119,"column":4},"end":{"line":119,"column":44}},"44":{"start":{"line":121,"column":4},"end":{"line":121,"column":61}},"45":{"start":{"line":129,"column":0},"end":{"line":141,"column":3}},"46":{"start":{"line":129,"column":47},"end":{"line":141,"column":2}},"47":{"start":{"line":130,"column":2},"end":{"line":140,"column":3}},"48":{"start":{"line":131,"column":18},"end":{"line":136,"column":6}},"49":{"start":{"line":137,"column":4},"end":{"line":137,"column":45}},"50":{"start":{"line":139,"column":4},"end":{"line":139,"column":61}},"51":{"start":{"line":144,"column":0},"end":{"line":161,"column":3}},"52":{"start":{"line":147,"column":4},"end":{"line":161,"column":2}},"53":{"start":{"line":148,"column":2},"end":{"line":160,"column":3}},"54":{"start":{"line":149,"column":19},"end":{"line":149,"column":33}},"55":{"start":{"line":150,"column":17},"end":{"line":155,"column":6}},"56":{"start":{"line":157,"column":4},"end":{"line":157,"column":44}},"57":{"start":{"line":159,"column":4},"end":{"line":159,"column":61}},"58":{"start":{"line":164,"column":0},"end":{"line":198,"column":3}},"59":{"start":{"line":173,"column":4},"end":{"line":198,"column":2}},"60":{"start":{"line":174,"column":2},"end":{"line":197,"column":3}},"61":{"start":{"line":175,"column":44},"end":{"line":175,"column":56}},"62":{"start":{"line":177,"column":4},"end":{"line":181,"column":5}},"63":{"start":{"line":178,"column":6},"end":{"line":180,"column":9}},"64":{"start":{"line":183,"column":17},"end":{"line":193,"column":6}},"65":{"start":{"line":194,"column":4},"end":{"line":194,"column":44}},"66":{"start":{"line":196,"column":4},"end":{"line":196,"column":61}},"67":{"start":{"line":201,"column":0},"end":{"line":227,"column":3}},"68":{"start":{"line":210,"column":4},"end":{"line":227,"column":2}},"69":{"start":{"line":211,"column":2},"end":{"line":226,"column":3}},"70":{"start":{"line":212,"column":19},"end":{"line":212,"column":33}},"71":{"start":{"line":213,"column":31},"end":{"line":213,"column":43}},"72":{"start":{"line":215,"column":24},"end":{"line":221,"column":6}},"73":{"start":{"line":223,"column":4},"end":{"line":223,"column":57}},"74":{"start":{"line":225,"column":4},"end":{"line":225,"column":61}},"75":{"start":{"line":230,"column":0},"end":{"line":243,"column":3}},"76":{"start":{"line":233,"column":4},"end":{"line":243,"column":2}},"77":{"start":{"line":234,"column":2},"end":{"line":242,"column":3}},"78":{"start":{"line":235,"column":19},"end":{"line":235,"column":33}},"79":{"start":{"line":236,"column":17},"end":{"line":238,"column":6}},"80":{"start":{"line":239,"column":4},"end":{"line":239,"column":44}},"81":{"start":{"line":241,"column":4},"end":{"line":241,"column":61}},"82":{"start":{"line":246,"column":0},"end":{"line":255,"column":3}},"83":{"start":{"line":250,"column":2},"end":{"line":253,"column":3}},"84":{"start":{"line":251,"column":4},"end":{"line":251,"column":23}},"85":{"start":{"line":252,"column":4},"end":{"line":252,"column":20}},"86":{"start":{"line":254,"column":2},"end":{"line":254,"column":48}}},"fnMap":{"0":{"name":"(anonymous_8)","decl":{"start":{"line":15,"column":28},"end":{"line":15,"column":35}},"loc":{"start":{"line":15,"column":47},"end":{"line":22,"column":2}}},"1":{"name":"(anonymous_9)","decl":{"start":{"line":15,"column":47},"end":{"line":15,"column":null}},"loc":{"start":{"line":15,"column":47},"end":{"line":22,"column":1}}},"2":{"name":"(anonymous_10)","decl":{"start":{"line":25,"column":32},"end":{"line":25,"column":null}},"loc":{"start":{"line":28,"column":4},"end":{"line":43,"column":2}}},"3":{"name":"(anonymous_11)","decl":{"start":{"line":28,"column":4},"end":{"line":28,"column":null}},"loc":{"start":{"line":28,"column":4},"end":{"line":43,"column":1}}},"4":{"name":"(anonymous_12)","decl":{"start":{"line":46,"column":29},"end":{"line":46,"column":null}},"loc":{"start":{"line":54,"column":4},"end":{"line":76,"column":2}}},"5":{"name":"(anonymous_13)","decl":{"start":{"line":54,"column":4},"end":{"line":54,"column":null}},"loc":{"start":{"line":54,"column":4},"end":{"line":76,"column":1}}},"6":{"name":"(anonymous_14)","decl":{"start":{"line":79,"column":32},"end":{"line":79,"column":null}},"loc":{"start":{"line":88,"column":4},"end":{"line":105,"column":2}}},"7":{"name":"(anonymous_15)","decl":{"start":{"line":88,"column":4},"end":{"line":88,"column":null}},"loc":{"start":{"line":88,"column":4},"end":{"line":105,"column":1}}},"8":{"name":"(anonymous_16)","decl":{"start":{"line":108,"column":35},"end":{"line":108,"column":null}},"loc":{"start":{"line":111,"column":4},"end":{"line":123,"column":2}}},"9":{"name":"(anonymous_17)","decl":{"start":{"line":111,"column":4},"end":{"line":111,"column":null}},"loc":{"start":{"line":111,"column":4},"end":{"line":123,"column":1}}},"10":{"name":"(anonymous_18)","decl":{"start":{"line":129,"column":28},"end":{"line":129,"column":35}},"loc":{"start":{"line":129,"column":47},"end":{"line":141,"column":2}}},"11":{"name":"(anonymous_19)","decl":{"start":{"line":129,"column":47},"end":{"line":129,"column":null}},"loc":{"start":{"line":129,"column":47},"end":{"line":141,"column":1}}},"12":{"name":"(anonymous_20)","decl":{"start":{"line":144,"column":32},"end":{"line":144,"column":null}},"loc":{"start":{"line":147,"column":4},"end":{"line":161,"column":2}}},"13":{"name":"(anonymous_21)","decl":{"start":{"line":147,"column":4},"end":{"line":147,"column":null}},"loc":{"start":{"line":147,"column":4},"end":{"line":161,"column":1}}},"14":{"name":"(anonymous_22)","decl":{"start":{"line":164,"column":29},"end":{"line":164,"column":null}},"loc":{"start":{"line":173,"column":4},"end":{"line":198,"column":2}}},"15":{"name":"(anonymous_23)","decl":{"start":{"line":173,"column":4},"end":{"line":173,"column":null}},"loc":{"start":{"line":173,"column":4},"end":{"line":198,"column":1}}},"16":{"name":"(anonymous_24)","decl":{"start":{"line":201,"column":32},"end":{"line":201,"column":null}},"loc":{"start":{"line":210,"column":4},"end":{"line":227,"column":2}}},"17":{"name":"(anonymous_25)","decl":{"start":{"line":210,"column":4},"end":{"line":210,"column":null}},"loc":{"start":{"line":210,"column":4},"end":{"line":227,"column":1}}},"18":{"name":"(anonymous_26)","decl":{"start":{"line":230,"column":35},"end":{"line":230,"column":null}},"loc":{"start":{"line":233,"column":4},"end":{"line":243,"column":2}}},"19":{"name":"(anonymous_27)","decl":{"start":{"line":233,"column":4},"end":{"line":233,"column":null}},"loc":{"start":{"line":233,"column":4},"end":{"line":243,"column":1}}},"20":{"name":"(anonymous_28)","decl":{"start":{"line":249,"column":3},"end":{"line":249,"column":4}},"loc":{"start":{"line":249,"column":20},"end":{"line":255,"column":1}}}},"branchMap":{"0":{"loc":{"start":{"line":8,"column":13},"end":{"line":8,"column":37}},"type":"binary-expr","locations":[{"start":{"line":8,"column":13},"end":{"line":8,"column":29}},{"start":{"line":8,"column":33},"end":{"line":8,"column":37}}]},"1":{"loc":{"start":{"line":9,"column":13},"end":{"line":9,"column":44}},"type":"binary-expr","locations":[{"start":{"line":9,"column":13},"end":{"line":9,"column":29}},{"start":{"line":9,"column":33},"end":{"line":9,"column":44}}]},"2":{"loc":{"start":{"line":20,"column":43},"end":{"line":20,"column":57}},"type":"cond-expr","locations":[{"start":{"line":20,"column":48},"end":{"line":20,"column":50}},{"start":{"line":20,"column":43},"end":{"line":20,"column":57}}]},"3":{"loc":{"start":{"line":20,"column":43},"end":{"line":20,"column":50}},"type":"binary-expr","locations":[{"start":{"line":20,"column":43},"end":{"line":20,"column":50}},{"start":{"line":20,"column":43},"end":{"line":20,"column":50}}]},"4":{"loc":{"start":{"line":41,"column":43},"end":{"line":41,"column":57}},"type":"cond-expr","locations":[{"start":{"line":41,"column":48},"end":{"line":41,"column":50}},{"start":{"line":41,"column":43},"end":{"line":41,"column":57}}]},"5":{"loc":{"start":{"line":41,"column":43},"end":{"line":41,"column":50}},"type":"binary-expr","locations":[{"start":{"line":41,"column":43},"end":{"line":41,"column":50}},{"start":{"line":41,"column":43},"end":{"line":41,"column":50}}]},"6":{"loc":{"start":{"line":60,"column":4},"end":{"line":64,"column":5}},"type":"if","locations":[{"start":{"line":60,"column":4},"end":{"line":64,"column":5}},{"start":{},"end":{}}]},"7":{"loc":{"start":{"line":74,"column":43},"end":{"line":74,"column":57}},"type":"cond-expr","locations":[{"start":{"line":74,"column":48},"end":{"line":74,"column":50}},{"start":{"line":74,"column":43},"end":{"line":74,"column":57}}]},"8":{"loc":{"start":{"line":74,"column":43},"end":{"line":74,"column":50}},"type":"binary-expr","locations":[{"start":{"line":74,"column":43},"end":{"line":74,"column":50}},{"start":{"line":74,"column":43},"end":{"line":74,"column":50}}]},"9":{"loc":{"start":{"line":96,"column":12},"end":{"line":96,"column":28}},"type":"binary-expr","locations":[{"start":{"line":96,"column":12},"end":{"line":96,"column":16}},{"start":{"line":96,"column":20},"end":{"line":96,"column":28}}]},"10":{"loc":{"start":{"line":97,"column":12},"end":{"line":97,"column":30}},"type":"binary-expr","locations":[{"start":{"line":97,"column":12},"end":{"line":97,"column":17}},{"start":{"line":97,"column":21},"end":{"line":97,"column":30}}]},"11":{"loc":{"start":{"line":103,"column":43},"end":{"line":103,"column":57}},"type":"cond-expr","locations":[{"start":{"line":103,"column":48},"end":{"line":103,"column":50}},{"start":{"line":103,"column":43},"end":{"line":103,"column":57}}]},"12":{"loc":{"start":{"line":103,"column":43},"end":{"line":103,"column":50}},"type":"binary-expr","locations":[{"start":{"line":103,"column":43},"end":{"line":103,"column":50}},{"start":{"line":103,"column":43},"end":{"line":103,"column":50}}]},"13":{"loc":{"start":{"line":121,"column":43},"end":{"line":121,"column":57}},"type":"cond-expr","locations":[{"start":{"line":121,"column":48},"end":{"line":121,"column":50}},{"start":{"line":121,"column":43},"end":{"line":121,"column":57}}]},"14":{"loc":{"start":{"line":121,"column":43},"end":{"line":121,"column":50}},"type":"binary-expr","locations":[{"start":{"line":121,"column":43},"end":{"line":121,"column":50}},{"start":{"line":121,"column":43},"end":{"line":121,"column":50}}]},"15":{"loc":{"start":{"line":139,"column":43},"end":{"line":139,"column":57}},"type":"cond-expr","locations":[{"start":{"line":139,"column":48},"end":{"line":139,"column":50}},{"start":{"line":139,"column":43},"end":{"line":139,"column":57}}]},"16":{"loc":{"start":{"line":139,"column":43},"end":{"line":139,"column":50}},"type":"binary-expr","locations":[{"start":{"line":139,"column":43},"end":{"line":139,"column":50}},{"start":{"line":139,"column":43},"end":{"line":139,"column":50}}]},"17":{"loc":{"start":{"line":159,"column":43},"end":{"line":159,"column":57}},"type":"cond-expr","locations":[{"start":{"line":159,"column":48},"end":{"line":159,"column":50}},{"start":{"line":159,"column":43},"end":{"line":159,"column":57}}]},"18":{"loc":{"start":{"line":159,"column":43},"end":{"line":159,"column":50}},"type":"binary-expr","locations":[{"start":{"line":159,"column":43},"end":{"line":159,"column":50}},{"start":{"line":159,"column":43},"end":{"line":159,"column":50}}]},"19":{"loc":{"start":{"line":175,"column":19},"end":{"line":175,"column":31}},"type":"default-arg","locations":[{"start":{"line":175,"column":29},"end":{"line":175,"column":31}}]},"20":{"loc":{"start":{"line":177,"column":4},"end":{"line":181,"column":5}},"type":"if","locations":[{"start":{"line":177,"column":4},"end":{"line":181,"column":5}},{"start":{},"end":{}}]},"21":{"loc":{"start":{"line":177,"column":8},"end":{"line":177,"column":25}},"type":"binary-expr","locations":[{"start":{"line":177,"column":8},"end":{"line":177,"column":14}},{"start":{"line":177,"column":18},"end":{"line":177,"column":25}}]},"22":{"loc":{"start":{"line":196,"column":43},"end":{"line":196,"column":57}},"type":"cond-expr","locations":[{"start":{"line":196,"column":48},"end":{"line":196,"column":50}},{"start":{"line":196,"column":43},"end":{"line":196,"column":57}}]},"23":{"loc":{"start":{"line":196,"column":43},"end":{"line":196,"column":50}},"type":"binary-expr","locations":[{"start":{"line":196,"column":43},"end":{"line":196,"column":50}},{"start":{"line":196,"column":43},"end":{"line":196,"column":50}}]},"24":{"loc":{"start":{"line":218,"column":12},"end":{"line":218,"column":30}},"type":"binary-expr","locations":[{"start":{"line":218,"column":12},"end":{"line":218,"column":17}},{"start":{"line":218,"column":21},"end":{"line":218,"column":30}}]},"25":{"loc":{"start":{"line":219,"column":12},"end":{"line":219,"column":34}},"type":"binary-expr","locations":[{"start":{"line":219,"column":12},"end":{"line":219,"column":19}},{"start":{"line":219,"column":23},"end":{"line":219,"column":34}}]},"26":{"loc":{"start":{"line":225,"column":43},"end":{"line":225,"column":57}},"type":"cond-expr","locations":[{"start":{"line":225,"column":48},"end":{"line":225,"column":50}},{"start":{"line":225,"column":43},"end":{"line":225,"column":57}}]},"27":{"loc":{"start":{"line":225,"column":43},"end":{"line":225,"column":50}},"type":"binary-expr","locations":[{"start":{"line":225,"column":43},"end":{"line":225,"column":50}},{"start":{"line":225,"column":43},"end":{"line":225,"column":50}}]},"28":{"loc":{"start":{"line":241,"column":43},"end":{"line":241,"column":57}},"type":"cond-expr","locations":[{"start":{"line":241,"column":48},"end":{"line":241,"column":50}},{"start":{"line":241,"column":43},"end":{"line":241,"column":57}}]},"29":{"loc":{"start":{"line":241,"column":43},"end":{"line":241,"column":50}},"type":"binary-expr","locations":[{"start":{"line":241,"column":43},"end":{"line":241,"column":50}},{"start":{"line":241,"column":43},"end":{"line":241,"column":50}}]},"30":{"loc":{"start":{"line":250,"column":2},"end":{"line":253,"column":3}},"type":"if","locations":[{"start":{"line":250,"column":2},"end":{"line":253,"column":3}},{"start":{},"end":{}}]}},"s":{"0":1,"1":1,"2":1,"3":1,"4":1,"5":1,"6":1,"7":1,"8":0,"9":0,"10":0,"11":0,"12":0,"13":1,"14":0,"15":0,"16":0,"17":0,"18":0,"19":0,"20":1,"21":1,"22":1,"23":1,"24":1,"25":1,"26":0,"27":1,"28":1,"29":0,"30":1,"31":0,"32":0,"33":0,"34":0,"35":0,"36":0,"37":0,"38":1,"39":0,"40":0,"41":0,"42":0,"43":0,"44":0,"45":1,"46":0,"47":0,"48":0,"49":0,"50":0,"51":1,"52":0,"53":0,"54":0,"55":0,"56":0,"57":0,"58":1,"59":1,"60":1,"61":1,"62":1,"63":0,"64":1,"65":1,"66":0,"67":1,"68":0,"69":0,"70":0,"71":0,"72":0,"73":0,"74":0,"75":1,"76":0,"77":0,"78":0,"79":0,"80":0,"81":0,"82":1,"83":1,"84":0,"85":0,"86":1},"f":{"0":0,"1":0,"2":0,"3":0,"4":1,"5":1,"6":0,"7":0,"8":0,"9":0,"10":0,"11":0,"12":0,"13":0,"14":1,"15":1,"16":0,"17":0,"18":0,"19":0,"20":1},"b":{"0":[1,0],"1":[1,0],"2":[0,0],"3":[0,0],"4":[0,0],"5":[0,0],"6":[0,1],"7":[0,0],"8":[0,0],"9":[0,0],"10":[0,0],"11":[0,0],"12":[0,0],"13":[0,0],"14":[0,0],"15":[0,0],"16":[0,0],"17":[0,0],"18":[0,0],"19":[0],"20":[0,1],"21":[1,1],"22":[0,0],"23":[0,0],"24":[0,0],"25":[0,0],"26":[0,0],"27":[0,0],"28":[0,0],"29":[0,0],"30":[0,1]}}
,"/home/felix/Documents/university/ss26/CONINT/conint-excercise-7/app/services/isValidEmail.ts": {"path":"/home/felix/Documents/university/ss26/CONINT/conint-excercise-7/app/services/isValidEmail.ts","statementMap":{"0":{"start":{"line":1,"column":0},"end":{"line":1,"column":16}},"1":{"start":{"line":2,"column":29},"end":{"line":2,"column":69}},"2":{"start":{"line":4,"column":2},"end":{"line":6,"column":3}},"3":{"start":{"line":5,"column":4},"end":{"line":5,"column":17}},"4":{"start":{"line":8,"column":2},"end":{"line":8,"column":14}}},"fnMap":{"0":{"name":"isValidEmail","decl":{"start":{"line":1,"column":16},"end":{"line":1,"column":28}},"loc":{"start":{"line":1,"column":42},"end":{"line":9,"column":1}}}},"branchMap":{"0":{"loc":{"start":{"line":4,"column":2},"end":{"line":6,"column":3}},"type":"if","locations":[{"start":{"line":4,"column":2},"end":{"line":6,"column":3}},{"start":{},"end":{}}]}},"s":{"0":2,"1":3,"2":3,"3":1,"4":2},"f":{"0":3},"b":{"0":[1,2]}}
}
