TN:
SF:app/index.ts
FN:15,(anonymous_8)
FN:15,(anonymous_9)
FN:25,(anonymous_10)
FN:28,(anonymous_11)
FN:46,(anonymous_12)
FN:54,(anonymous_13)
FN:79,(anonymous_14)
FN:88,(anonymous_15)
FN:108,(anonymous_16)
FN:111,(anonymous_17)
FN:129,(anonymous_18)
FN:129,(anonymous_19)
FN:144,(anonymous_20)
FN:147,(anonymous_21)
FN:164,(anonymous_22)
FN:173,(anonymous_23)
FN:201,(anonymous_24)
FN:210,(anonymous_25)
FN:230,(anonymous_26)
FN:233,(anonymous_27)
FN:249,(anonymous_28)
FNF:21
FNH:5
FNDA:0,(anonymous_8)
FNDA:0,(anonymous_9)
FNDA:0,(anonymous_10)
FNDA:0,(anonymous_11)
FNDA:1,(anonymous_12)
FNDA:1,(anonymous_13)
FNDA:0,(anonymous_14)
FNDA:0,(anonymous_15)
FNDA:0,(anonymous_16)
FNDA:0,(anonymous_17)
FNDA:0,(anonymous_18)
FNDA:0,(anonymous_19)
FNDA:0,(anonymous_20)
FNDA:0,(anonymous_21)
FNDA:1,(anonymous_22)
FNDA:1,(anonymous_23)
FNDA:0,(anonymous_24)
FNDA:0,(anonymous_25)
FNDA:0,(anonymous_26)
FNDA:0,(anonymous_27)
FNDA:1,(anonymous_28)
DA:1,1
DA:2,1
DA:3,1
DA:5,1
DA:6,1
DA:8,1
DA:9,1
DA:15,1
DA:16,0
DA:17,0
DA:18,0
DA:20,0
DA:25,1
DA:28,0
DA:29,0
DA:30,0
DA:31,0
DA:39,0
DA:41,0
DA:46,1
DA:54,1
DA:55,1
DA:56,1
DA:58,1
DA:60,1
DA:61,0
DA:66,1
DA:72,1
DA:74,0
DA:79,1
DA:88,0
DA:89,0
DA:90,0
DA:91,0
DA:93,0
DA:101,0
DA:103,0
DA:108,1
DA:111,0
DA:112,0
DA:113,0
DA:115,0
DA:119,0
DA:121,0
DA:129,1
DA:130,0
DA:131,0
DA:137,0
DA:139,0
DA:144,1
DA:147,0
DA:148,0
DA:149,0
DA:150,0
DA:157,0
DA:159,0
DA:164,1
DA:173,1
DA:174,1
DA:175,1
DA:177,1
DA:178,0
DA:183,1
DA:194,1
DA:196,0
DA:201,1
DA:210,0
DA:211,0
DA:212,0
DA:213,0
DA:215,0
DA:223,0
DA:225,0
DA:230,1
DA:233,0
DA:234,0
DA:235,0
DA:236,0
DA:239,0
DA:241,0
DA:246,1
DA:250,1
DA:251,0
DA:252,0
DA:254,1
LF:85
LH:33
BRDA:8,0,0,1
BRDA:8,0,1,0
BRDA:9,1,0,1
BRDA:9,1,1,0
BRDA:20,2,0,0
BRDA:20,2,1,0
BRDA:20,3,0,0
BRDA:20,3,1,0
BRDA:41,4,0,0
BRDA:41,4,1,0
BRDA:41,5,0,0
BRDA:41,5,1,0
BRDA:60,6,0,0
BRDA:60,6,1,1
BRDA:74,7,0,0
BRDA:74,7,1,0
BRDA:74,8,0,0
BRDA:74,8,1,0
BRDA:96,9,0,0
BRDA:96,9,1,0
BRDA:97,10,0,0
BRDA:97,10,1,0
BRDA:103,11,0,0
BRDA:103,11,1,0
BRDA:103,12,0,0
BRDA:103,12,1,0
BRDA:121,13,0,0
BRDA:121,13,1,0
BRDA:121,14,0,0
BRDA:121,14,1,0
BRDA:139,15,0,0
BRDA:139,15,1,0
BRDA:139,16,0,0
BRDA:139,16,1,0
BRDA:159,17,0,0
BRDA:159,17,1,0
BRDA:159,18,0,0
BRDA:159,18,1,0
BRDA:175,19,0,0
BRDA:177,20,0,0
BRDA:177,20,1,1
BRDA:177,21,0,1
BRDA:177,21,1,1
BRDA:196,22,0,0
BRDA:196,22,1,0
BRDA:196,23,0,0
BRDA:196,23,1,0
BRDA:218,24,0,0
BRDA:218,24,1,0
BRDA:219,25,0,0
BRDA:219,25,1,0
BRDA:225,26,0,0
BRDA:225,26,1,0
BRDA:225,27,0,0
BRDA:225,27,1,0
BRDA:241,28,0,0
BRDA:241,28,1,0
BRDA:241,29,0,0
BRDA:241,29,1,0
BRDA:250,30,0,0
BRDA:250,30,1,1
BRF:61
BRH:7
end_of_record
TN:
SF:app/services/isValidEmail.ts
FN:1,isValidEmail
FNF:1
FNH:1
FNDA:3,isValidEmail
DA:1,2
DA:2,3
DA:4,3
DA:5,1
DA:8,2
LF:5
LH:5
BRDA:4,0,0,1
BRDA:4,0,1,2
BRF:2
BRH:2
end_of_record
